# JRE version: OpenJDK Runtime Environment (8.0_202-b03) (build 1.8.0_202-release-1483-b03)
# Java VM: OpenJDK 64-Bit Server VM (25.202-b03 mixed mode windows-amd64 compressed oops)
Heap:
 PSYoungGen      total 339456K, used 164693K [0x00000000e0000000, 0x00000000f8b80000, 0x0000000100000000)
  eden space 303616K, 46% used [0x00000000e0000000,0x00000000e89e0f18,0x00000000f2880000)
  from space 35840K, 65% used [0x00000000f6880000,0x00000000f7f744e8,0x00000000f8b80000)
  to   space 50688K, 0% used [0x00000000f2880000,0x00000000f2880000,0x00000000f5a00000)
 ParOldGen       total 114176K, used 84306K [0x00000000a0000000, 0x00000000a6f80000, 0x00000000e0000000)
  object space 114176K, 73% used [0x00000000a0000000,0x00000000a52548e8,0x00000000a6f80000)
 Metaspace       used 92019K, capacity 97665K, committed 97752K, reserved 1134592K
  class space    used 12037K, capacity 13047K, committed 13056K, reserved 1048576K
GC Heap History (10 events):
Event: 1032.670 GC heap before
{Heap before GC invocations=17 (full 3):
 PSYoungGen      total 335360K, used 332135K [0x00000000e0000000, 0x00000000f9b00000, 0x0000000100000000)
  eden space 309760K, 100% used [0x00000000e0000000,0x00000000f2e80000,0x00000000f2e80000)
  from space 25600K, 87% used [0x00000000f2e80000,0x00000000f4459d00,0x00000000f4780000)
  to   space 28160K, 0% used [0x00000000f7f80000,0x00000000f7f80000,0x00000000f9b00000)
 ParOldGen       total 114176K, used 41515K [0x00000000a0000000, 0x00000000a6f80000, 0x00000000e0000000)
  object space 114176K, 36% used [0x00000000a0000000,0x00000000a288ac90,0x00000000a6f80000)
 Metaspace       used 89898K, capacity 94495K, committed 94680K, reserved 1130496K
  class space    used 11878K, capacity 12760K, committed 12800K, reserved 1048576K
Event: 1032.700 GC heap after
Heap after GC invocations=17 (full 3):
 PSYoungGen      total 378368K, used 17601K [0x00000000e0000000, 0x00000000f9400000, 0x0000000100000000)
  eden space 357376K, 0% used [0x00000000e0000000,0x00000000e0000000,0x00000000f5d00000)
  from space 20992K, 83% used [0x00000000f7f80000,0x00000000f90b04e8,0x00000000f9400000)
  to   space 28160K, 0% used [0x00000000f5d00000,0x00000000f5d00000,0x00000000f7880000)
 ParOldGen       total 114176K, used 41531K [0x00000000a0000000, 0x00000000a6f80000, 0x00000000e0000000)
  object space 114176K, 36% used [0x00000000a0000000,0x00000000a288ec90,0x00000000a6f80000)
 Metaspace       used 89898K, capacity 94495K, committed 94680K, reserved 1130496K
  class space    used 11878K, capacity 12760K, committed 12800K, reserved 1048576K
}
Event: 1153.800 GC heap before
{Heap before GC invocations=18 (full 3):
 PSYoungGen      total 378368K, used 374977K [0x00000000e0000000, 0x00000000f9400000, 0x0000000100000000)
  eden space 357376K, 100% used [0x00000000e0000000,0x00000000f5d00000,0x00000000f5d00000)
  from space 20992K, 83% used [0x00000000f7f80000,0x00000000f90b04e8,0x00000000f9400000)
  to   space 28160K, 0% used [0x00000000f5d00000,0x00000000f5d00000,0x00000000f7880000)
 ParOldGen       total 114176K, used 41531K [0x00000000a0000000, 0x00000000a6f80000, 0x00000000e0000000)
  object space 114176K, 36% used [0x00000000a0000000,0x00000000a288ec90,0x00000000a6f80000)
 Metaspace       used 90414K, capacity 95093K, committed 95192K, reserved 1132544K
  class space    used 11892K, capacity 12783K, committed 12800K, reserved 1048576K
Event: 1153.834 GC heap after
Heap after GC invocations=18 (full 3):
 PSYoungGen      total 365568K, used 22114K [0x00000000e0000000, 0x00000000f8a00000, 0x0000000100000000)
  eden space 343040K, 0% used [0x00000000e0000000,0x00000000e0000000,0x00000000f4f00000)
  from space 22528K, 98% used [0x00000000f5d00000,0x00000000f7298960,0x00000000f7300000)
  to   space 23552K, 0% used [0x00000000f7300000,0x00000000f7300000,0x00000000f8a00000)
 ParOldGen       total 114176K, used 41539K [0x00000000a0000000, 0x00000000a6f80000, 0x00000000e0000000)
  object space 114176K, 36% used [0x00000000a0000000,0x00000000a2890c90,0x00000000a6f80000)
 Metaspace       used 90414K, capacity 95093K, committed 95192K, reserved 1132544K
  class space    used 11892K, capacity 12783K, committed 12800K, reserved 1048576K
}
Event: 1302.145 GC heap before
{Heap before GC invocations=19 (full 3):
 PSYoungGen      total 365568K, used 365126K [0x00000000e0000000, 0x00000000f8a00000, 0x0000000100000000)
  eden space 343040K, 99% used [0x00000000e0000000,0x00000000f4ef8f78,0x00000000f4f00000)
  from space 22528K, 98% used [0x00000000f5d00000,0x00000000f7298960,0x00000000f7300000)
  to   space 23552K, 0% used [0x00000000f7300000,0x00000000f7300000,0x00000000f8a00000)
 ParOldGen       total 114176K, used 41539K [0x00000000a0000000, 0x00000000a6f80000, 0x00000000e0000000)
  object space 114176K, 36% used [0x00000000a0000000,0x00000000a2890c90,0x00000000a6f80000)
 Metaspace       used 90883K, capacity 95661K, committed 95832K, reserved 1132544K
  class space    used 11920K, capacity 12833K, committed 12928K, reserved 1048576K
Event: 1302.211 GC heap after
Heap after GC invocations=19 (full 3):
 PSYoungGen      total 352768K, used 23523K [0x00000000e0000000, 0x00000000f8d80000, 0x0000000100000000)
  eden space 329216K, 0% used [0x00000000e0000000,0x00000000e0000000,0x00000000f4180000)
  from space 23552K, 99% used [0x00000000f7300000,0x00000000f89f8f98,0x00000000f8a00000)
  to   space 38912K, 0% used [0x00000000f4180000,0x00000000f4180000,0x00000000f6780000)
 ParOldGen       total 114176K, used 61149K [0x00000000a0000000, 0x00000000a6f80000, 0x00000000e0000000)
  object space 114176K, 53% used [0x00000000a0000000,0x00000000a3bb76f8,0x00000000a6f80000)
 Metaspace       used 90883K, capacity 95661K, committed 95832K, reserved 1132544K
  class space    used 11920K, capacity 12833K, committed 12928K, reserved 1048576K
}
Event: 1405.463 GC heap before
{Heap before GC invocations=20 (full 3):
 PSYoungGen      total 352768K, used 352739K [0x00000000e0000000, 0x00000000f8d80000, 0x0000000100000000)
  eden space 329216K, 100% used [0x00000000e0000000,0x00000000f4180000,0x00000000f4180000)
  from space 23552K, 99% used [0x00000000f7300000,0x00000000f89f8f98,0x00000000f8a00000)
  to   space 38912K, 0% used [0x00000000f4180000,0x00000000f4180000,0x00000000f6780000)
 ParOldGen       total 114176K, used 61149K [0x00000000a0000000, 0x00000000a6f80000, 0x00000000e0000000)
  object space 114176K, 53% used [0x00000000a0000000,0x00000000a3bb76f8,0x00000000a6f80000)
 Metaspace       used 91308K, capacity 96353K, committed 96600K, reserved 1132544K
  class space    used 11958K, capacity 12903K, committed 12928K, reserved 1048576K
Event: 1405.716 GC heap after
Heap after GC invocations=20 (full 3):
 PSYoungGen      total 354816K, used 38911K [0x00000000e0000000, 0x00000000f9c80000, 0x0000000100000000)
  eden space 315904K, 0% used [0x00000000e0000000,0x00000000e0000000,0x00000000f3480000)
  from space 38912K, 99% used [0x00000000f4180000,0x00000000f677ff50,0x00000000f6780000)
  to   space 53248K, 0% used [0x00000000f6880000,0x00000000f6880000,0x00000000f9c80000)
 ParOldGen       total 114176K, used 84042K [0x00000000a0000000, 0x00000000a6f80000, 0x00000000e0000000)
  object space 114176K, 73% used [0x00000000a0000000,0x00000000a52128e8,0x00000000a6f80000)
 Metaspace       used 91308K, capacity 96353K, committed 96600K, reserved 1132544K
  class space    used 11958K, capacity 12903K, committed 12928K, reserved 1048576K
}
Event: 1570.099 GC heap before
{Heap before GC invocations=21 (full 3):
 PSYoungGen      total 354816K, used 354815K [0x00000000e0000000, 0x00000000f9c80000, 0x0000000100000000)
  eden space 315904K, 100% used [0x00000000e0000000,0x00000000f3480000,0x00000000f3480000)
  from space 38912K, 99% used [0x00000000f4180000,0x00000000f677ff50,0x00000000f6780000)
  to   space 53248K, 0% used [0x00000000f6880000,0x00000000f6880000,0x00000000f9c80000)
 ParOldGen       total 114176K, used 84042K [0x00000000a0000000, 0x00000000a6f80000, 0x00000000e0000000)
  object space 114176K, 73% used [0x00000000a0000000,0x00000000a52128e8,0x00000000a6f80000)
 Metaspace       used 91714K, capacity 96991K, committed 97240K, reserved 1134592K
  class space    used 11987K, capacity 12956K, committed 13056K, reserved 1048576K
Event: 1570.199 GC heap after
Heap after GC invocations=21 (full 3):
 PSYoungGen      total 339456K, used 23505K [0x00000000e0000000, 0x00000000f8b80000, 0x0000000100000000)
  eden space 303616K, 0% used [0x00000000e0000000,0x00000000e0000000,0x00000000f2880000)
  from space 35840K, 65% used [0x00000000f6880000,0x00000000f7f744e8,0x00000000f8b80000)
  to   space 50688K, 0% used [0x00000000f2880000,0x00000000f2880000,0x00000000f5a00000)
 ParOldGen       total 114176K, used 84306K [0x00000000a0000000, 0x00000000a6f80000, 0x00000000e0000000)
  object space 114176K, 73% used [0x00000000a0000000,0x00000000a52548e8,0x00000000a6f80000)
 Metaspace       used 91714K, capacity 96991K, committed 97240K, reserved 1134592K
  class space    used 11987K, capacity 12956K, committed 13056K, reserved 1048576K
}

